TN:
SF:src/index.ts
FN:1,(empty-report)
FNF:1
FNH:0
FNDA:0,(empty-report)
DA:1,0
DA:2,0
DA:3,0
DA:4,0
DA:5,0
DA:6,0
DA:8,0
DA:10,0
DA:12,0
DA:13,0
DA:14,0
DA:16,0
DA:17,0
DA:19,0
DA:20,0
DA:21,0
DA:22,0
DA:23,0
DA:24,0
DA:25,0
DA:26,0
DA:27,0
DA:28,0
DA:30,0
DA:32,0
DA:34,0
DA:35,0
DA:36,0
LF:28
LH:0
BRDA:1,0,0,0
BRF:1
BRH:0
end_of_record
TN:
SF:src/common/httpError.ts
FN:4,HttpError
FNF:1
FNH:1
FNDA:11,HttpError
DA:1,1
DA:4,1
DA:5,11
DA:6,11
DA:7,11
DA:8,1
LF:6
LH:6
BRDA:4,0,0,11
BRF:1
BRH:1
end_of_record
TN:
SF:src/common/logger.ts
FN:11,formatLog
FN:28,info
FN:33,warn
FN:38,error
FNF:4
FNH:3
FNDA:8,formatLog
FNDA:3,info
FNDA:0,warn
FNDA:1,error
DA:1,1
DA:2,1
DA:4,1
DA:5,1
DA:7,1
DA:8,0
DA:9,0
DA:11,1
DA:12,8
DA:14,8
DA:15,8
DA:16,8
DA:17,8
DA:18,8
DA:19,8
DA:21,8
DA:22,8
DA:24,8
DA:25,8
DA:27,1
DA:28,1
DA:29,3
DA:30,3
DA:31,3
DA:33,1
DA:34,0
DA:35,0
DA:36,0
DA:38,1
DA:39,1
DA:40,1
DA:41,1
DA:42,1
LF:33
LH:28
BRDA:7,0,0,0
BRDA:11,1,0,8
BRDA:22,2,0,6
BRDA:22,3,0,2
BRDA:28,4,0,3
BRDA:38,5,0,1
BRF:6
BRH:5
end_of_record
TN:
SF:src/config/database.ts
FNF:0
FNH:0
DA:1,1
DA:2,1
DA:4,1
DA:6,1
DA:7,1
DA:8,1
DA:9,1
DA:10,1
DA:11,1
DA:12,1
DA:13,1
DA:14,1
DA:15,1
DA:16,1
LF:14
LH:14
BRF:0
BRH:0
end_of_record
TN:
SF:src/controllers/checkout.controller.ts
FN:7,CheckoutController
FN:9,getCheckoutContext
FN:25,handleError
FNF:3
FNH:1
FNDA:1,CheckoutController
FNDA:0,getCheckoutContext
FNDA:0,handleError
DA:2,1
DA:3,1
DA:6,1
DA:7,1
DA:9,1
DA:10,0
DA:11,0
DA:12,0
DA:14,0
DA:15,0
DA:16,0
DA:18,0
DA:19,0
DA:20,0
DA:21,0
DA:22,0
DA:23,0
DA:25,1
DA:26,0
DA:27,0
DA:28,0
DA:30,0
DA:31,0
DA:32,0
DA:33,1
LF:25
LH:7
BRDA:7,0,0,1
BRF:1
BRH:1
end_of_record
TN:
SF:src/controllers/orders.controller.ts
FN:12,OrderController
FN:16,create
FN:47,getById
FN:76,updateStatus
FN:99,handleError
FNF:5
FNH:5
FNDA:11,OrderController
FNDA:8,create
FNDA:5,getById
FNDA:7,updateStatus
FNDA:5,handleError
DA:2,1
DA:3,1
DA:7,1
DA:9,1
DA:12,1
DA:13,11
DA:14,11
DA:16,1
DA:17,8
DA:18,8
DA:19,8
DA:21,8
DA:22,2
DA:23,2
DA:25,6
DA:26,8
DA:27,2
DA:28,2
DA:30,4
DA:31,4
DA:32,4
DA:33,8
DA:34,8
DA:35,8
DA:36,8
DA:37,8
DA:39,8
DA:41,2
DA:42,2
DA:43,2
DA:44,2
DA:45,8
DA:47,1
DA:48,5
DA:49,5
DA:50,5
DA:52,5
DA:53,0
DA:54,0
DA:56,5
DA:57,5
DA:58,5
DA:59,0
DA:60,0
DA:62,5
DA:63,5
DA:64,5
DA:65,5
DA:66,5
DA:67,5
DA:69,5
DA:70,2
DA:71,4
DA:72,3
DA:73,3
DA:74,5
DA:76,1
DA:77,7
DA:78,7
DA:79,7
DA:80,7
DA:82,7
DA:83,2
DA:84,2
DA:85,2
DA:87,5
DA:88,3
DA:89,5
DA:90,2
DA:91,2
DA:92,2
DA:93,2
DA:94,0
DA:95,0
DA:96,0
DA:97,7
DA:99,1
DA:100,5
DA:101,4
DA:102,4
DA:104,5
DA:105,5
DA:106,5
DA:107,1
LF:84
LH:77
BRDA:12,0,0,11
BRDA:16,1,0,8
BRDA:19,2,0,0
BRDA:21,3,0,6
BRDA:21,4,0,2
BRDA:23,5,0,6
BRDA:26,6,0,4
BRDA:26,7,0,4
BRDA:26,8,0,6
BRDA:26,9,0,2
BRDA:28,10,0,4
BRDA:33,11,0,0
BRDA:33,12,0,4
BRDA:39,13,0,2
BRDA:47,14,0,5
BRDA:50,15,0,0
BRDA:52,16,0,0
BRDA:57,17,0,0
BRDA:58,18,0,0
BRDA:66,19,0,0
BRDA:69,20,0,4
BRDA:69,21,0,2
BRDA:71,22,0,3
BRDA:76,23,0,7
BRDA:79,24,0,0
BRDA:82,25,0,2
BRDA:85,26,0,5
BRDA:87,27,0,3
BRDA:89,28,0,2
BRDA:93,29,0,0
BRDA:99,30,0,5
BRDA:100,31,0,4
BRDA:102,32,0,1
BRDA:104,33,0,0
BRF:34
BRH:24
end_of_record
TN:
SF:src/models/Address.ts
FNF:0
FNH:0
DA:1,1
DA:2,1
DA:3,1
DA:20,1
DA:31,1
DA:33,1
DA:34,1
DA:35,1
DA:36,1
DA:37,1
DA:38,1
DA:39,1
DA:40,1
DA:41,1
DA:42,1
DA:43,1
DA:44,1
DA:45,1
DA:46,1
DA:47,1
DA:48,1
DA:49,1
DA:50,1
DA:51,1
DA:52,1
DA:53,1
DA:54,1
DA:55,1
DA:56,1
DA:57,1
DA:58,1
DA:59,1
DA:60,1
DA:61,1
DA:62,1
DA:63,1
DA:64,1
DA:65,1
DA:66,1
DA:67,1
DA:68,1
DA:69,1
DA:70,1
DA:71,1
DA:72,1
DA:73,1
DA:74,1
DA:75,1
DA:76,1
DA:77,1
DA:78,1
DA:79,1
DA:80,1
DA:81,1
DA:82,1
DA:83,1
DA:85,1
LF:57
LH:57
BRF:0
BRH:0
end_of_record
TN:
SF:src/models/Cart.ts
FNF:0
FNH:0
DA:1,1
DA:2,1
DA:13,1
DA:18,1
DA:20,1
DA:21,1
DA:22,1
DA:23,1
DA:24,1
DA:25,1
DA:26,1
DA:27,1
DA:28,1
DA:29,1
DA:30,1
DA:31,1
DA:32,1
DA:33,1
DA:34,1
DA:35,1
DA:36,1
DA:37,1
DA:38,1
DA:39,1
DA:40,1
DA:41,1
DA:42,1
DA:43,1
DA:44,1
DA:45,1
DA:46,1
DA:47,1
DA:49,1
LF:33
LH:33
BRF:0
BRH:0
end_of_record
TN:
SF:src/models/CartItem.ts
FNF:0
FNH:0
DA:1,1
DA:2,1
DA:13,1
DA:18,1
DA:20,1
DA:21,1
DA:22,1
DA:23,1
DA:24,1
DA:25,1
DA:26,1
DA:27,1
DA:28,1
DA:29,1
DA:30,1
DA:31,1
DA:32,1
DA:33,1
DA:34,1
DA:35,1
DA:36,1
DA:37,1
DA:38,1
DA:39,1
DA:40,1
DA:41,1
DA:42,1
DA:43,1
DA:44,1
DA:45,1
DA:46,1
DA:47,1
DA:48,1
DA:49,1
DA:51,1
LF:35
LH:35
BRF:0
BRH:0
end_of_record
TN:
SF:src/models/Category.ts
FNF:0
FNH:0
DA:1,1
DA:2,1
DA:3,1
DA:17,1
DA:25,1
DA:27,1
DA:28,1
DA:29,1
DA:30,1
DA:31,1
DA:32,1
DA:33,1
DA:34,1
DA:35,1
DA:36,1
DA:37,1
DA:38,1
DA:39,1
DA:40,1
DA:41,1
DA:42,1
DA:43,1
DA:44,1
DA:45,1
DA:46,1
DA:47,1
DA:48,1
DA:49,1
DA:50,1
DA:51,1
DA:52,1
DA:53,1
DA:54,1
DA:55,1
DA:56,1
DA:57,1
DA:58,1
DA:59,1
DA:60,1
DA:61,1
DA:62,1
DA:63,1
DA:64,1
DA:65,1
DA:66,1
DA:68,1
LF:46
LH:46
BRF:0
BRH:0
end_of_record
TN:
SF:src/models/LignePromotion.ts
FNF:0
FNH:0
DA:1,1
DA:2,1
DA:12,1
DA:16,1
DA:18,1
DA:19,1
DA:20,1
DA:21,1
DA:22,1
DA:23,1
DA:24,1
DA:25,1
DA:26,1
DA:27,1
DA:28,1
DA:29,1
DA:30,1
DA:31,1
DA:32,1
DA:33,1
DA:34,1
DA:35,1
DA:36,1
DA:37,1
DA:38,1
DA:39,1
DA:40,1
DA:42,1
LF:28
LH:28
BRF:0
BRH:0
end_of_record
TN:
SF:src/models/Order.ts
FNF:0
FNH:0
DA:1,1
DA:2,1
DA:3,1
DA:20,1
DA:31,1
DA:33,1
DA:34,1
DA:35,1
DA:36,1
DA:37,1
DA:38,1
DA:39,1
DA:40,1
DA:41,1
DA:42,1
DA:43,1
DA:44,1
DA:45,1
DA:46,1
DA:47,1
DA:48,1
DA:49,1
DA:50,1
DA:51,1
DA:52,1
DA:53,1
DA:54,1
DA:55,1
DA:56,1
DA:57,1
DA:58,1
DA:59,1
DA:60,1
DA:61,1
DA:62,1
DA:63,1
DA:64,1
DA:65,1
DA:66,1
DA:67,1
DA:68,1
DA:69,1
DA:70,1
DA:71,1
DA:72,1
DA:73,1
DA:74,1
DA:75,1
DA:76,1
DA:77,1
DA:78,1
DA:79,1
DA:80,1
DA:81,1
DA:82,1
DA:83,1
DA:85,1
LF:57
LH:57
BRF:0
BRH:0
end_of_record
TN:
SF:src/models/OrderItem.ts
FNF:0
FNH:0
DA:1,1
DA:2,1
DA:14,1
DA:20,1
DA:22,1
DA:23,1
DA:24,1
DA:25,1
DA:26,1
DA:27,1
DA:28,1
DA:29,1
DA:30,1
DA:31,1
DA:32,1
DA:33,1
DA:34,1
DA:35,1
DA:36,1
DA:37,1
DA:38,1
DA:39,1
DA:40,1
DA:41,1
DA:42,1
DA:43,1
DA:44,1
DA:45,1
DA:46,1
DA:47,1
DA:48,1
DA:49,1
DA:50,1
DA:51,1
DA:52,1
DA:53,1
DA:54,1
DA:55,1
DA:57,1
LF:39
LH:39
BRF:0
BRH:0
end_of_record
TN:
SF:src/models/Product.ts
FNF:0
FNH:0
DA:1,1
DA:2,1
DA:3,1
DA:22,1
DA:35,1
DA:37,1
DA:38,1
DA:39,1
DA:40,1
DA:41,1
DA:42,1
DA:43,1
DA:44,1
DA:45,1
DA:46,1
DA:47,1
DA:48,1
DA:49,1
DA:50,1
DA:51,1
DA:52,1
DA:53,1
DA:54,1
DA:55,1
DA:56,1
DA:57,1
DA:58,1
DA:59,1
DA:60,1
DA:61,1
DA:62,1
DA:63,1
DA:64,1
DA:65,1
DA:66,1
DA:67,1
DA:68,1
DA:69,1
DA:70,1
DA:71,1
DA:72,1
DA:73,1
DA:74,1
DA:75,1
DA:76,1
DA:77,1
DA:78,1
DA:79,1
DA:80,1
DA:81,1
DA:82,1
DA:83,1
DA:84,1
DA:85,1
DA:86,1
DA:87,1
DA:88,1
DA:89,1
DA:90,1
DA:91,1
DA:92,1
DA:93,1
DA:94,1
DA:95,1
DA:97,1
LF:65
LH:65
BRF:0
BRH:0
end_of_record
TN:
SF:src/models/ProductImage.ts
FNF:0
FNH:0
DA:1,1
DA:2,1
DA:14,1
DA:20,1
DA:22,1
DA:23,1
DA:24,1
DA:25,1
DA:26,1
DA:27,1
DA:28,1
DA:29,1
DA:30,1
DA:31,1
DA:32,1
DA:33,1
DA:34,1
DA:35,1
DA:36,1
DA:37,1
DA:38,1
DA:39,1
DA:40,1
DA:41,1
DA:42,1
DA:43,1
DA:44,1
DA:45,1
DA:46,1
DA:47,1
DA:48,1
DA:49,1
DA:50,1
DA:51,1
DA:52,1
DA:54,1
LF:36
LH:36
BRF:0
BRH:0
end_of_record
TN:
SF:src/models/Promotion.ts
FNF:0
FNH:0
DA:1,1
DA:2,1
DA:3,1
DA:17,1
DA:25,1
DA:27,1
DA:28,1
DA:29,1
DA:30,1
DA:31,1
DA:32,1
DA:33,1
DA:34,1
DA:35,1
DA:36,1
DA:37,1
DA:38,1
DA:39,1
DA:40,1
DA:41,1
DA:42,1
DA:43,1
DA:44,1
DA:45,1
DA:46,1
DA:47,1
DA:48,1
DA:49,1
DA:50,1
DA:51,1
DA:52,1
DA:53,1
DA:54,1
DA:55,1
DA:56,1
DA:57,1
DA:58,1
DA:59,1
DA:60,1
DA:61,1
DA:62,1
DA:63,1
DA:64,1
DA:65,1
DA:66,1
DA:68,1
LF:46
LH:46
BRF:0
BRH:0
end_of_record
TN:
SF:src/models/Subscription.ts
FNF:0
FNH:0
DA:1,1
DA:2,1
DA:3,1
DA:19,1
DA:29,1
DA:31,1
DA:32,1
DA:33,1
DA:34,1
DA:35,1
DA:36,1
DA:37,1
DA:38,1
DA:39,1
DA:40,1
DA:41,1
DA:42,1
DA:43,1
DA:44,1
DA:45,1
DA:46,1
DA:47,1
DA:48,1
DA:49,1
DA:50,1
DA:51,1
DA:52,1
DA:53,1
DA:54,1
DA:55,1
DA:56,1
DA:57,1
DA:58,1
DA:59,1
DA:60,1
DA:61,1
DA:62,1
DA:63,1
DA:64,1
DA:65,1
DA:66,1
DA:67,1
DA:68,1
DA:69,1
DA:70,1
DA:71,1
DA:72,1
DA:73,1
DA:74,1
DA:75,1
DA:76,1
DA:77,1
DA:79,1
LF:53
LH:53
BRF:0
BRH:0
end_of_record
TN:
SF:src/models/User.ts
FNF:0
FNH:0
DA:1,1
DA:2,1
DA:17,1
DA:26,1
DA:28,1
DA:29,1
DA:30,1
DA:31,1
DA:32,1
DA:33,1
DA:34,1
DA:35,1
DA:36,1
DA:37,1
DA:38,1
DA:39,1
DA:40,1
DA:41,1
DA:42,1
DA:43,1
DA:44,1
DA:45,1
DA:46,1
DA:47,1
DA:48,1
DA:49,1
DA:50,1
DA:51,1
DA:52,1
DA:53,1
DA:54,1
DA:55,1
DA:56,1
DA:57,1
DA:58,1
DA:59,1
DA:60,1
DA:61,1
DA:62,1
DA:63,1
DA:64,1
DA:65,1
DA:66,1
DA:67,1
DA:68,1
DA:69,1
DA:70,1
DA:71,1
DA:73,1
LF:49
LH:49
BRF:0
BRH:0
end_of_record
TN:
SF:src/models/UserRole.ts
FNF:0
FNH:0
DA:1,1
DA:2,1
DA:3,1
DA:15,1
DA:21,1
DA:23,1
DA:24,1
DA:25,1
DA:26,1
DA:27,1
DA:28,1
DA:29,1
DA:30,1
DA:31,1
DA:32,1
DA:33,1
DA:34,1
DA:35,1
DA:36,1
DA:37,1
DA:38,1
DA:39,1
DA:40,1
DA:41,1
DA:42,1
DA:43,1
DA:44,1
DA:45,1
DA:46,1
DA:47,1
DA:48,1
DA:49,1
DA:50,1
DA:51,1
DA:52,1
DA:53,1
DA:55,1
LF:37
LH:37
BRF:0
BRH:0
end_of_record
TN:
SF:src/models/associate.ts
FNF:0
FNH:0
DA:1,1
DA:2,1
DA:3,1
DA:4,1
DA:5,1
DA:6,1
DA:7,1
DA:8,1
DA:9,1
DA:10,1
DA:11,1
DA:12,1
DA:13,1
DA:16,1
DA:17,1
DA:18,1
DA:19,1
DA:20,1
DA:21,1
DA:22,1
DA:23,1
DA:24,1
DA:26,1
DA:27,1
DA:28,1
DA:29,1
DA:30,1
DA:31,1
DA:32,1
DA:33,1
DA:34,1
DA:36,1
DA:37,1
DA:38,1
DA:39,1
DA:40,1
DA:41,1
DA:42,1
DA:43,1
DA:44,1
DA:46,1
DA:47,1
DA:48,1
DA:49,1
DA:50,1
DA:51,1
DA:52,1
DA:53,1
DA:54,1
DA:57,1
DA:58,1
DA:59,1
DA:60,1
DA:61,1
DA:62,1
DA:63,1
DA:64,1
DA:65,1
DA:68,1
DA:69,1
DA:70,1
DA:71,1
DA:72,1
DA:73,1
DA:74,1
DA:75,1
DA:76,1
DA:78,1
DA:79,1
DA:80,1
DA:81,1
DA:82,1
DA:83,1
DA:84,1
DA:85,1
DA:86,1
DA:88,1
DA:89,1
DA:90,1
DA:91,1
DA:92,1
DA:93,1
DA:94,1
DA:95,1
DA:96,1
DA:99,1
DA:100,1
DA:101,1
DA:102,1
DA:103,1
DA:104,1
DA:105,1
DA:106,1
DA:107,1
DA:108,1
DA:109,1
DA:110,1
DA:112,1
DA:113,1
DA:114,1
DA:115,1
DA:116,1
DA:117,1
DA:118,1
DA:119,1
DA:122,1
DA:123,1
DA:124,1
DA:125,1
DA:126,1
DA:127,1
DA:128,1
DA:129,1
DA:130,1
DA:133,1
DA:134,1
DA:135,1
DA:136,1
DA:137,1
DA:138,1
DA:139,1
DA:140,1
DA:141,1
DA:143,1
DA:144,1
DA:145,1
DA:146,1
DA:148,1
DA:149,1
DA:150,1
DA:151,1
LF:131
LH:131
BRF:0
BRH:0
end_of_record
TN:
SF:src/models/index.ts
FN:6,initDb
FNF:1
FNH:1
FNDA:1,initDb
DA:2,1
DA:3,1
DA:4,1
DA:6,1
DA:7,1
DA:8,1
DA:9,1
DA:10,1
DA:11,0
DA:12,0
DA:13,0
DA:14,1
LF:12
LH:9
BRDA:6,0,0,1
BRDA:10,1,0,0
BRF:2
BRH:1
end_of_record
TN:
SF:src/repository/address.repository.ts
FN:5,findAllByUserId
FNF:1
FNH:0
FNDA:0,findAllByUserId
DA:1,1
DA:4,1
DA:5,1
DA:6,0
DA:7,0
DA:8,1
LF:6
LH:4
BRF:0
BRH:0
end_of_record
TN:
SF:src/repository/cart.repository.ts
FN:7,findByUserIdWithItems
FN:20,clearByCartId
FNF:2
FNH:0
FNDA:0,findByUserIdWithItems
FNDA:0,clearByCartId
DA:1,1
DA:2,1
DA:3,1
DA:6,1
DA:7,1
DA:8,0
DA:9,0
DA:10,0
DA:11,0
DA:12,0
DA:13,0
DA:14,0
DA:15,0
DA:16,0
DA:17,0
DA:18,0
DA:20,1
DA:21,0
DA:22,0
DA:23,1
LF:20
LH:7
BRF:0
BRH:0
end_of_record
TN:
SF:src/repository/orders.repository.ts
FN:13,findAddressByIdAndUserId
FN:22,findCartWithItemsByIdAndUserId
FN:43,clearCartItems
FN:47,create
FN:51,createItems
FN:55,findByIdWithItems
FN:65,findByIdAndUserId
FN:74,updateStatus
FNF:8
FNH:8
FNDA:2,findAddressByIdAndUserId
FNDA:1,findCartWithItemsByIdAndUserId
FNDA:1,clearCartItems
FNDA:1,create
FNDA:1,createItems
FNDA:4,findByIdWithItems
FNDA:3,findByIdAndUserId
FNDA:3,updateStatus
DA:1,1
DA:2,1
DA:3,1
DA:4,1
DA:5,1
DA:6,1
DA:12,1
DA:13,1
DA:14,2
DA:15,2
DA:16,2
DA:17,2
DA:18,2
DA:19,2
DA:20,2
DA:22,1
DA:23,1
DA:24,1
DA:25,1
DA:26,1
DA:27,1
DA:28,1
DA:29,1
DA:30,1
DA:31,1
DA:32,1
DA:33,1
DA:34,1
DA:35,1
DA:36,1
DA:37,1
DA:38,1
DA:39,1
DA:40,1
DA:41,1
DA:43,1
DA:44,1
DA:45,1
DA:47,1
DA:48,1
DA:49,1
DA:51,1
DA:52,1
DA:53,1
DA:55,1
DA:56,4
DA:57,4
DA:58,4
DA:59,4
DA:60,4
DA:61,4
DA:62,4
DA:63,4
DA:65,1
DA:66,3
DA:67,3
DA:68,3
DA:69,3
DA:70,3
DA:71,3
DA:72,3
DA:74,1
DA:75,3
DA:76,3
DA:77,2
DA:78,2
DA:79,2
DA:80,3
DA:81,1
LF:69
LH:69
BRDA:13,0,0,2
BRDA:22,1,0,1
BRDA:43,2,0,1
BRDA:47,3,0,1
BRDA:51,4,0,1
BRDA:55,5,0,4
BRDA:65,6,0,3
BRDA:74,7,0,3
BRDA:76,8,0,1
BRDA:76,9,0,2
BRF:10
BRH:10
end_of_record
TN:
SF:src/routes/orders.routes.ts
FNF:0
FNH:0
DA:1,1
DA:2,1
DA:3,1
DA:4,1
DA:5,1
DA:6,1
DA:7,1
DA:8,1
DA:23,1
DA:25,1
DA:26,1
DA:27,1
DA:29,1
DA:30,1
DA:32,1
DA:33,1
DA:35,1
DA:37,1
DA:38,1
DA:40,1
DA:42,1
LF:21
LH:21
BRDA:37,0,0,3
BRDA:38,1,0,3
BRDA:40,2,0,4
BRF:3
BRH:3
end_of_record
TN:
SF:src/services/checkout.service.ts
FN:11,CheckoutService
FN:16,getCheckoutContext
FNF:2
FNH:1
FNDA:1,CheckoutService
FNDA:0,getCheckoutContext
DA:1,1
DA:2,1
DA:10,1
DA:11,1
DA:12,1
DA:13,1
DA:14,1
DA:16,1
DA:17,0
DA:18,0
DA:19,0
DA:21,0
DA:22,0
DA:23,0
DA:25,0
DA:27,0
DA:28,0
DA:29,0
DA:31,0
DA:32,0
DA:33,0
DA:34,0
DA:35,0
DA:36,0
DA:37,0
DA:38,0
DA:39,0
DA:40,0
DA:42,0
DA:43,0
DA:44,0
DA:45,0
DA:46,0
DA:47,0
DA:48,0
DA:49,0
DA:50,0
DA:51,0
DA:52,0
DA:53,0
DA:54,0
DA:55,0
DA:56,0
DA:57,0
DA:58,0
DA:59,0
DA:60,0
DA:61,0
DA:62,0
DA:63,0
DA:64,0
DA:65,0
DA:66,0
DA:67,0
DA:68,0
DA:69,0
DA:70,0
DA:71,0
DA:72,0
DA:73,0
DA:74,0
DA:75,1
LF:62
LH:9
BRDA:11,0,0,1
BRF:1
BRH:1
end_of_record
TN:
SF:src/services/orders.service.ts
FN:14,OrderService
FN:18,createOrder
FN:115,getOrderById
FN:129,updateOrderStatus
FNF:4
FNH:4
FNDA:10,OrderService
FNDA:5,createOrder
FNDA:6,getOrderById
FNDA:5,updateOrderStatus
DA:1,1
DA:2,1
DA:3,1
DA:11,1
DA:14,1
DA:15,10
DA:16,10
DA:18,1
DA:19,5
DA:21,5
DA:22,5
DA:23,5
DA:25,5
DA:26,5
DA:27,5
DA:28,5
DA:30,5
DA:31,1
DA:32,1
DA:34,4
DA:36,5
DA:37,0
DA:38,0
DA:40,4
DA:48,5
DA:49,5
DA:51,5
DA:52,5
DA:53,5
DA:54,5
DA:55,5
DA:56,5
DA:58,5
DA:59,1
DA:60,1
DA:62,3
DA:63,5
DA:64,5
DA:65,5
DA:67,5
DA:68,5
DA:69,5
DA:70,5
DA:71,5
DA:72,3
DA:74,3
DA:76,3
DA:77,3
DA:78,3
DA:79,3
DA:80,3
DA:81,3
DA:82,3
DA:83,3
DA:84,3
DA:86,3
DA:87,3
DA:88,5
DA:89,5
DA:90,5
DA:91,5
DA:92,3
DA:93,3
DA:95,3
DA:96,0
DA:97,0
DA:98,0
DA:99,0
DA:100,0
DA:101,3
DA:103,3
DA:104,2
DA:105,2
DA:106,2
DA:107,2
DA:110,2
DA:112,3
DA:113,5
DA:115,1
DA:116,6
DA:118,6
DA:119,4
DA:120,4
DA:121,2
DA:122,2
DA:123,2
DA:124,2
DA:126,2
DA:127,6
DA:129,1
DA:130,5
DA:131,5
DA:132,2
DA:133,2
DA:134,3
DA:135,5
DA:136,1
LF:97
LH:90
BRDA:14,0,0,10
BRDA:18,1,0,5
BRDA:30,2,0,4
BRDA:30,3,0,1
BRDA:32,4,0,4
BRDA:36,5,0,0
BRDA:38,6,0,4
BRDA:48,7,0,0
BRDA:58,8,0,1
BRDA:60,9,0,3
BRDA:103,10,0,2
BRDA:48,11,0,5
BRDA:53,12,0,0
BRDA:54,13,0,0
BRDA:62,14,0,5
BRDA:63,15,0,0
BRDA:64,16,0,0
BRDA:65,17,0,0
BRDA:74,18,0,5
BRDA:87,19,0,5
BRDA:115,20,0,6
BRDA:118,21,0,4
BRDA:120,22,0,2
BRDA:124,23,0,2
BRDA:129,24,0,5
BRDA:131,25,0,4
BRDA:131,26,0,2
BRDA:133,27,0,3
BRF:28
BRH:21
end_of_record
